<?xml version="1.0" encoding="UTF-8"?>
<testsuite name="com.rentacar.core.CoreApplicationTests" tests="1" skipped="0" failures="0" errors="0" timestamp="2019-01-31T14:29:27" hostname="kawaii-pro.local" time="0.039">
  <properties/>
  <testcase name="contextLoads" classname="com.rentacar.core.CoreApplicationTests" time="0.039"/>
  <system-out><![CDATA[11:29:25.186 [Test worker] DEBUG org.springframework.test.context.junit4.SpringJUnit4ClassRunner - SpringJUnit4ClassRunner constructor called with [class com.rentacar.core.CoreApplicationTests]
11:29:25.194 [Test worker] DEBUG org.springframework.test.context.BootstrapUtils - Instantiating CacheAwareContextLoaderDelegate from class [org.springframework.test.context.cache.DefaultCacheAwareContextLoaderDelegate]
11:29:25.207 [Test worker] DEBUG org.springframework.test.context.BootstrapUtils - Instantiating BootstrapContext using constructor [public org.springframework.test.context.support.DefaultBootstrapContext(java.lang.Class,org.springframework.test.context.CacheAwareContextLoaderDelegate)]
11:29:25.229 [Test worker] DEBUG org.springframework.test.context.BootstrapUtils - Instantiating TestContextBootstrapper for test class [com.rentacar.core.CoreApplicationTests] from class [org.springframework.boot.test.context.SpringBootTestContextBootstrapper]
11:29:25.240 [Test worker] INFO org.springframework.boot.test.context.SpringBootTestContextBootstrapper - Neither @ContextConfiguration nor @ContextHierarchy found for test class [com.rentacar.core.CoreApplicationTests], using SpringBootContextLoader
11:29:25.242 [Test worker] DEBUG org.springframework.test.context.support.AbstractContextLoader - Did not detect default resource location for test class [com.rentacar.core.CoreApplicationTests]: class path resource [com/rentacar/core/CoreApplicationTests-context.xml] does not exist
11:29:25.243 [Test worker] DEBUG org.springframework.test.context.support.AbstractContextLoader - Did not detect default resource location for test class [com.rentacar.core.CoreApplicationTests]: class path resource [com/rentacar/core/CoreApplicationTestsContext.groovy] does not exist
11:29:25.243 [Test worker] INFO org.springframework.test.context.support.AbstractContextLoader - Could not detect default resource locations for test class [com.rentacar.core.CoreApplicationTests]: no resource found for suffixes {-context.xml, Context.groovy}.
11:29:25.244 [Test worker] INFO org.springframework.test.context.support.AnnotationConfigContextLoaderUtils - Could not detect default configuration classes for test class [com.rentacar.core.CoreApplicationTests]: CoreApplicationTests does not declare any static, non-private, non-final, nested classes annotated with @Configuration.
11:29:25.285 [Test worker] DEBUG org.springframework.test.context.support.ActiveProfilesUtils - Could not find an 'annotation declaring class' for annotation type [org.springframework.test.context.ActiveProfiles] and class [com.rentacar.core.CoreApplicationTests]
11:29:25.348 [Test worker] DEBUG org.springframework.context.annotation.ClassPathScanningCandidateComponentProvider - Identified candidate component class: file [/Users/robertocantore/git/carrental/core/build/classes/java/main/com/rentacar/core/CoreApplication.class]
11:29:25.350 [Test worker] INFO org.springframework.boot.test.context.SpringBootTestContextBootstrapper - Found @SpringBootConfiguration com.rentacar.core.CoreApplication for test class com.rentacar.core.CoreApplicationTests
11:29:25.421 [Test worker] DEBUG org.springframework.boot.test.context.SpringBootTestContextBootstrapper - @TestExecutionListeners is not present for class [com.rentacar.core.CoreApplicationTests]: using defaults.
11:29:25.421 [Test worker] INFO org.springframework.boot.test.context.SpringBootTestContextBootstrapper - Loaded default TestExecutionListener class names from location [META-INF/spring.factories]: [org.springframework.security.test.context.support.WithSecurityContextTestExecutionListener, org.springframework.security.test.context.support.ReactorContextTestExecutionListener, org.springframework.boot.test.autoconfigure.restdocs.RestDocsTestExecutionListener, org.springframework.boot.test.autoconfigure.web.client.MockRestServiceServerResetTestExecutionListener, org.springframework.boot.test.autoconfigure.web.servlet.MockMvcPrintOnlyOnFailureTestExecutionListener, org.springframework.boot.test.autoconfigure.web.servlet.WebDriverTestExecutionListener, org.springframework.boot.test.mock.mockito.MockitoTestExecutionListener, org.springframework.boot.test.mock.mockito.ResetMocksTestExecutionListener, org.springframework.test.context.web.ServletTestExecutionListener, org.springframework.test.context.support.DirtiesContextBeforeModesTestExecutionListener, org.springframework.test.context.support.DependencyInjectionTestExecutionListener, org.springframework.test.context.support.DirtiesContextTestExecutionListener, org.springframework.test.context.transaction.TransactionalTestExecutionListener, org.springframework.test.context.jdbc.SqlScriptsTestExecutionListener]
11:29:25.428 [Test worker] DEBUG org.springframework.boot.test.context.SpringBootTestContextBootstrapper - Skipping candidate TestExecutionListener [org.springframework.test.context.web.ServletTestExecutionListener] due to a missing dependency. Specify custom listener classes or make the default listener classes and their required dependencies available. Offending class: [javax/servlet/ServletContext]
11:29:25.436 [Test worker] INFO org.springframework.boot.test.context.SpringBootTestContextBootstrapper - Using TestExecutionListeners: [org.springframework.test.context.support.DirtiesContextBeforeModesTestExecutionListener@573cd229, org.springframework.boot.test.mock.mockito.MockitoTestExecutionListener@cab98f0, org.springframework.boot.test.autoconfigure.SpringBootDependencyInjectionTestExecutionListener@2503ed9, org.springframework.test.context.support.DirtiesContextTestExecutionListener@575e9bba, org.springframework.test.context.transaction.TransactionalTestExecutionListener@6642b6e2, org.springframework.test.context.jdbc.SqlScriptsTestExecutionListener@36fecec2, org.springframework.security.test.context.support.WithSecurityContextTestExecutionListener@35db8832, org.springframework.security.test.context.support.ReactorContextTestExecutionListener@167b4678, org.springframework.boot.test.autoconfigure.restdocs.RestDocsTestExecutionListener@65fd17f3, org.springframework.boot.test.autoconfigure.web.client.MockRestServiceServerResetTestExecutionListener@25354d50, org.springframework.boot.test.autoconfigure.web.servlet.MockMvcPrintOnlyOnFailureTestExecutionListener@4c46cbdc, org.springframework.boot.test.autoconfigure.web.servlet.WebDriverTestExecutionListener@c21caa, org.springframework.boot.test.mock.mockito.ResetMocksTestExecutionListener@d0dd1ce]
11:29:25.438 [Test worker] DEBUG org.springframework.test.annotation.ProfileValueUtils - Retrieved @ProfileValueSourceConfiguration [null] for test class [com.rentacar.core.CoreApplicationTests]
11:29:25.439 [Test worker] DEBUG org.springframework.test.annotation.ProfileValueUtils - Retrieved ProfileValueSource type [class org.springframework.test.annotation.SystemProfileValueSource] for class [com.rentacar.core.CoreApplicationTests]
11:29:25.439 [Test worker] DEBUG org.springframework.test.annotation.ProfileValueUtils - Retrieved @ProfileValueSourceConfiguration [null] for test class [com.rentacar.core.CoreApplicationTests]
11:29:25.439 [Test worker] DEBUG org.springframework.test.annotation.ProfileValueUtils - Retrieved ProfileValueSource type [class org.springframework.test.annotation.SystemProfileValueSource] for class [com.rentacar.core.CoreApplicationTests]
11:29:25.443 [Test worker] DEBUG org.springframework.test.context.support.AbstractDirtiesContextTestExecutionListener - Before test class: context [DefaultTestContext@c3bb6a9 testClass = CoreApplicationTests, testInstance = [null], testMethod = [null], testException = [null], mergedContextConfiguration = [MergedContextConfiguration@7fb5374a testClass = CoreApplicationTests, locations = '{}', classes = '{class com.rentacar.core.CoreApplication}', contextInitializerClasses = '[]', activeProfiles = '{}', propertySourceLocations = '{}', propertySourceProperties = '{org.springframework.boot.test.context.SpringBootTestContextBootstrapper=true}', contextCustomizers = set[org.springframework.boot.test.autoconfigure.properties.PropertyMappingContextCustomizer@0, org.springframework.boot.test.autoconfigure.web.servlet.WebDriverContextCustomizerFactory$Customizer@7515c8b4, org.springframework.boot.test.context.filter.ExcludeFilterContextCustomizer@b9cdddb, org.springframework.boot.test.json.DuplicateJsonObjectContextCustomizerFactory$DuplicateJsonObjectContextCustomizer@6c5e9837, org.springframework.boot.test.mock.mockito.MockitoContextCustomizer@0, org.springframework.boot.test.web.client.TestRestTemplateContextCustomizer@1df892a3], contextLoader = 'org.springframework.boot.test.context.SpringBootContextLoader', parent = [null]], attributes = map[[empty]]], class annotated with @DirtiesContext [false] with mode [null].
11:29:25.443 [Test worker] DEBUG org.springframework.test.annotation.ProfileValueUtils - Retrieved @ProfileValueSourceConfiguration [null] for test class [com.rentacar.core.CoreApplicationTests]
11:29:25.444 [Test worker] DEBUG org.springframework.test.annotation.ProfileValueUtils - Retrieved ProfileValueSource type [class org.springframework.test.annotation.SystemProfileValueSource] for class [com.rentacar.core.CoreApplicationTests]
11:29:25.447 [Test worker] DEBUG org.springframework.test.context.support.DependencyInjectionTestExecutionListener - Performing dependency injection for test context [[DefaultTestContext@c3bb6a9 testClass = CoreApplicationTests, testInstance = com.rentacar.core.CoreApplicationTests@43ca18f3, testMethod = [null], testException = [null], mergedContextConfiguration = [MergedContextConfiguration@7fb5374a testClass = CoreApplicationTests, locations = '{}', classes = '{class com.rentacar.core.CoreApplication}', contextInitializerClasses = '[]', activeProfiles = '{}', propertySourceLocations = '{}', propertySourceProperties = '{org.springframework.boot.test.context.SpringBootTestContextBootstrapper=true}', contextCustomizers = set[org.springframework.boot.test.autoconfigure.properties.PropertyMappingContextCustomizer@0, org.springframework.boot.test.autoconfigure.web.servlet.WebDriverContextCustomizerFactory$Customizer@7515c8b4, org.springframework.boot.test.context.filter.ExcludeFilterContextCustomizer@b9cdddb, org.springframework.boot.test.json.DuplicateJsonObjectContextCustomizerFactory$DuplicateJsonObjectContextCustomizer@6c5e9837, org.springframework.boot.test.mock.mockito.MockitoContextCustomizer@0, org.springframework.boot.test.web.client.TestRestTemplateContextCustomizer@1df892a3], contextLoader = 'org.springframework.boot.test.context.SpringBootContextLoader', parent = [null]], attributes = map[[empty]]]].
11:29:25.464 [Test worker] DEBUG org.springframework.test.context.support.TestPropertySourceUtils - Adding inlined properties to environment: {spring.jmx.enabled=false, org.springframework.boot.test.context.SpringBootTestContextBootstrapper=true, server.port=-1}

  .   ____          _            __ _ _
 /\\ / ___'_ __ _ _(_)_ __  __ _ \ \ \ \
( ( )\___ | '_ | '_| | '_ \/ _` | \ \ \ \
 \\/  ___)| |_)| | | | | || (_| |  ) ) ) )
  '  |____| .__|_| |_|_| |_\__, | / / / /
 =========|_|==============|___/=/_/_/_/
 :: Spring Boot ::        (v2.1.2.RELEASE)

2019-01-31 11:29:25.857  INFO 3653 --- [    Test worker] com.rentacar.core.CoreApplicationTests   : Starting CoreApplicationTests on kawaii-pro.local with PID 3653 (started by robertocantore in /Users/robertocantore/git/carrental/core)
2019-01-31 11:29:25.858  INFO 3653 --- [    Test worker] com.rentacar.core.CoreApplicationTests   : No active profile set, falling back to default profiles: default
2019-01-31 11:29:26.233  INFO 3653 --- [    Test worker] .s.d.r.c.RepositoryConfigurationDelegate : Bootstrapping Spring Data repositories in DEFAULT mode.
2019-01-31 11:29:26.249  INFO 3653 --- [    Test worker] .s.d.r.c.RepositoryConfigurationDelegate : Finished Spring Data repository scanning in 10ms. Found 0 repository interfaces.
2019-01-31 11:29:26.748  INFO 3653 --- [    Test worker] com.zaxxer.hikari.HikariDataSource       : HikariPool-1 - Starting...
2019-01-31 11:29:26.881  INFO 3653 --- [    Test worker] com.zaxxer.hikari.HikariDataSource       : HikariPool-1 - Start completed.
2019-01-31 11:29:26.974  INFO 3653 --- [    Test worker] o.hibernate.jpa.internal.util.LogHelper  : HHH000204: Processing PersistenceUnitInfo [
	name: default
	...]
2019-01-31 11:29:27.044  INFO 3653 --- [    Test worker] org.hibernate.Version                    : HHH000412: Hibernate Core {5.3.7.Final}
2019-01-31 11:29:27.045  INFO 3653 --- [    Test worker] org.hibernate.cfg.Environment            : HHH000206: hibernate.properties not found
2019-01-31 11:29:27.216  INFO 3653 --- [    Test worker] o.hibernate.annotations.common.Version   : HCANN000001: Hibernate Commons Annotations {5.0.4.Final}
2019-01-31 11:29:27.392  INFO 3653 --- [    Test worker] org.hibernate.dialect.Dialect            : HHH000400: Using dialect: org.hibernate.dialect.H2Dialect
2019-01-31 11:29:27.724  INFO 3653 --- [    Test worker] o.h.t.schema.internal.SchemaCreatorImpl  : HHH000476: Executing import script 'org.hibernate.tool.schema.internal.exec.ScriptSourceInputNonExistentImpl@54dc4ef'
2019-01-31 11:29:27.727  INFO 3653 --- [    Test worker] j.LocalContainerEntityManagerFactoryBean : Initialized JPA EntityManagerFactory for persistence unit 'default'
2019-01-31 11:29:27.968  INFO 3653 --- [    Test worker] com.rentacar.core.CoreApplicationTests   : Started CoreApplicationTests in 2.501 seconds (JVM running for 3.325)
]]></system-out>
  <system-err><![CDATA[]]></system-err>
</testsuite>
